<?xml version="1.0" encoding="UTF-8"?>
<!-- Generated by org.testng.reporters.JUnitReportReporter -->
<testsuite skipped="0" hostname="SAUMYA-PC" name="cucumberOptions.TestRunner" tests="1" failures="0" timestamp="16 May 2020 12:48:17 GMT" time="0.280" errors="0">
  <testcase name="feature" time="0.280" classname="cucumberOptions.TestRunner"/>
</testsuite> <!-- cucumberOptions.TestRunner -->
