<?xml version="1.0" encoding="UTF-8"?>
<!-- Generated by org.testng.reporters.JUnitReportReporter -->
<testsuite skipped="0" hostname="SAUMYA-PC" name="cucumberOptions.TestRunner" tests="1" failures="0" timestamp="17 May 2020 12:14:25 GMT" time="0.196" errors="0">
  <testcase name="feature" time="0.196" classname="cucumberOptions.TestRunner"/>
</testsuite> <!-- cucumberOptions.TestRunner -->
